<?xml version="1.0" encoding="UTF-8"?>
<!-- Generated by org.testng.reporters.JUnitReportReporter -->
<testsuite hostname="ASHISH_SARODE" failures="0" tests="2" name="testNGPpkNinja.NGClass1" time="47.451" errors="0" timestamp="2022-09-30T10:51:07 IST" skipped="0">
  <testcase classname="testNGPpkNinja.NGClass1" name="iphone" time="23.821"/>
  <system-out/>
  <testcase classname="testNGPpkNinja.NGClass1" name="methodA" time="23.630"/>
  <system-out/>
</testsuite> <!-- testNGPpkNinja.NGClass1 -->
